


ARM Macro Assembler    Page 1 


    1 00000000                 AREA             RESET,DATA,READONLY
    2 00000000                 EXPORT           __Vectors
    3 00000000         __Vectors
    4 00000000 10000000        DCD              0x10000000
    5 00000004 00000000        DCD              Reset_Handler
    6 00000008                 ALIGN
    7 00000008                 AREA             mycode,CODE,READONLY
    8 00000000                 ENTRY
    9 00000000                 EXPORT           Reset_Handler
   10 00000000         Reset_Handler
   11 00000000 4808            LDR              R0,=SRC
   12 00000002 4909            LDR              R1,=DST
   13 00000004 6803            LDR              R3,[R0]
   14 00000006 600B            STR              R3,[R1]
   15 00000008 F100 0004       ADD              R0,#04
   16 0000000C F101 0104       ADD              R1,#04
   17 00000010 6803            LDR              R3,[R0]
   18 00000012 600B            STR              R3,[R1]
   19 00000014 F100 0004       ADD              R0,#04
   20 00000018 F101 0104       ADD              R1,#04
   21 0000001C 6803            LDR              R3,[R0]
   22 0000001E 600B            STR              R3,[R1]
   23 00000020 E7FE    STOP    B                STOP
   24 00000022         
   25 00000022 00 00 00000000 
              00000000         AREA             DATASEG,DATA,READWRITE
   26 00000000 00000000 
              00000000 
              00000000 
              00000000 SRC     DCD              0,0,0,0
   27 00000010 00000000 
              00000000 
              00000000 DST     DCD              0,0,0
   28 0000001C                 END
Command Line: --debug --xref --cpu=Cortex-M3 --apcs=interwork --depend=pro.d -o
pro.o -IC:\Keil\ARM\RV31\INC -IC:\Keil\ARM\CMSIS\Include -IC:\Keil\ARM\Inc\NXP\
LPC17xx --predefine="__EVAL SETA 1" --list=pro.lst pro.s



ARM Macro Assembler    Page 1 Alphabetic symbol ordering
Relocatable symbols

RESET 00000000

Symbol: RESET
   Definitions
      At line 1 in file pro.s
   Uses
      None
Comment: RESET unused
__Vectors 00000000

Symbol: __Vectors
   Definitions
      At line 3 in file pro.s
   Uses
      At line 2 in file pro.s
Comment: __Vectors used once
2 symbols



ARM Macro Assembler    Page 1 Alphabetic symbol ordering
Relocatable symbols

Reset_Handler 00000000

Symbol: Reset_Handler
   Definitions
      At line 10 in file pro.s
   Uses
      At line 5 in file pro.s
      At line 9 in file pro.s

STOP 00000020

Symbol: STOP
   Definitions
      At line 23 in file pro.s
   Uses
      At line 23 in file pro.s
Comment: STOP used once
mycode 00000000

Symbol: mycode
   Definitions
      At line 7 in file pro.s
   Uses
      None
Comment: mycode unused
3 symbols



ARM Macro Assembler    Page 1 Alphabetic symbol ordering
Relocatable symbols

DATASEG 00000000

Symbol: DATASEG
   Definitions
      At line 25 in file pro.s
   Uses
      None
Comment: DATASEG unused
DST 00000010

Symbol: DST
   Definitions
      At line 27 in file pro.s
   Uses
      At line 12 in file pro.s
Comment: DST used once
SRC 00000000

Symbol: SRC
   Definitions
      At line 26 in file pro.s
   Uses
      At line 11 in file pro.s
Comment: SRC used once
3 symbols
341 symbols in table
